[2018-03-15 11:58:16] Текст ошибки: Страница не найдена | Файл C:\OSPanel\domains\fw.loc\public\index.php | Строка: 8
==================
[2018-03-15 11:58:18] Текст ошибки: Страница не найдена | Файл C:\OSPanel\domains\fw.loc\public\index.php | Строка: 8
==================
[2018-03-15 11:58:52] Текст ошибки: Страница не найдена | Файл C:\OSPanel\domains\fw.loc\public\index.php | Строка: 8
==================
[2018-03-15 11:58:53] Текст ошибки: Страница не найдена | Файл C:\OSPanel\domains\fw.loc\public\index.php | Строка: 8
==================
[2018-03-15 11:58:54] Текст ошибки: Страница не найдена | Файл C:\OSPanel\domains\fw.loc\public\index.php | Строка: 8
==================
[2018-03-15 11:58:56] Текст ошибки: Страница не найдена | Файл C:\OSPanel\domains\fw.loc\public\index.php | Строка: 8
==================
[2018-03-15 12:02:29] Текст ошибки: Страница не найдена | Файл C:\OSPanel\domains\fw.loc\public\index.php | Строка: 8
==================
[2018-03-15 12:02:31] Текст ошибки: Страница не найдена | Файл C:\OSPanel\domains\fw.loc\public\index.php | Строка: 8
==================
[2018-03-15 12:35:32] Текст ошибки: Страница не найдена | Файл C:\OSPanel\domains\fw.loc\public\index.php | Строка: 8
==================
[2018-03-15 12:35:34] Текст ошибки: Страница не найдена | Файл C:\OSPanel\domains\fw.loc\public\index.php | Строка: 8
==================
[2018-03-16 14:11:31] Текст ошибки: Страница не найдена | Файл C:\OSPanel\domains\fw.loc\vendor\myshop\core\Router.php | Строка: 31
==================
[2018-03-16 14:12:14] Текст ошибки: Страница не найдена | Файл C:\OSPanel\domains\fw.loc\vendor\myshop\core\Router.php | Строка: 31
==================
[2018-03-16 14:12:26] Текст ошибки: Страница не найдена | Файл C:\OSPanel\domains\fw.loc\vendor\myshop\core\Router.php | Строка: 31
==================
[2018-03-16 14:12:28] Текст ошибки: Страница не найдена | Файл C:\OSPanel\domains\fw.loc\vendor\myshop\core\Router.php | Строка: 31
==================
[2018-03-16 14:12:45] Текст ошибки: Страница не найдена | Файл C:\OSPanel\domains\fw.loc\vendor\myshop\core\Router.php | Строка: 31
==================
[2018-03-16 14:12:47] Текст ошибки: Страница не найдена | Файл C:\OSPanel\domains\fw.loc\vendor\myshop\core\Router.php | Строка: 31
==================
[2018-03-16 14:12:55] Текст ошибки: Страница не найдена | Файл C:\OSPanel\domains\fw.loc\vendor\myshop\core\Router.php | Строка: 31
==================
[2018-03-16 14:13:04] Текст ошибки: Страница не найдена | Файл C:\OSPanel\domains\fw.loc\vendor\myshop\core\Router.php | Строка: 31
==================
[2018-03-16 14:16:28] Текст ошибки: Страница не найдена | Файл C:\OSPanel\domains\fw.loc\vendor\myshop\core\Router.php | Строка: 31
==================
[2018-03-16 14:18:29] Текст ошибки: Страница не найдена | Файл C:\OSPanel\domains\fw.loc\vendor\myshop\core\Router.php | Строка: 31
==================
[2018-03-16 14:18:33] Текст ошибки: Страница не найдена | Файл C:\OSPanel\domains\fw.loc\vendor\myshop\core\Router.php | Строка: 31
==================
[2018-03-16 14:18:40] Текст ошибки: Страница не найдена | Файл C:\OSPanel\domains\fw.loc\vendor\myshop\core\Router.php | Строка: 31
==================
[2018-03-16 14:25:59] Текст ошибки: Страница не найдена | Файл C:\OSPanel\domains\fw.loc\vendor\myshop\core\Router.php | Строка: 27
==================
[2018-03-16 14:26:40] Текст ошибки: Using $this when not in object context | Файл C:\OSPanel\domains\fw.loc\vendor\myshop\core\Router.php | Строка: 48
==================
[2018-03-16 14:26:42] Текст ошибки: Страница не найдена | Файл C:\OSPanel\domains\fw.loc\vendor\myshop\core\Router.php | Строка: 27
==================
[2018-03-16 14:27:13] Текст ошибки: Страница не найдена | Файл C:\OSPanel\domains\fw.loc\vendor\myshop\core\Router.php | Строка: 27
==================
[2018-03-16 14:27:34] Текст ошибки: Страница не найдена | Файл C:\OSPanel\domains\fw.loc\vendor\myshop\core\Router.php | Строка: 27
==================
[2018-03-16 14:27:47] Текст ошибки: Страница не найдена | Файл C:\OSPanel\domains\fw.loc\vendor\myshop\core\Router.php | Строка: 27
==================
[2018-03-16 14:28:35] Текст ошибки: Страница не найдена | Файл C:\OSPanel\domains\fw.loc\vendor\myshop\core\Router.php | Строка: 27
==================
[2018-03-16 14:28:46] Текст ошибки: Страница не найдена | Файл C:\OSPanel\domains\fw.loc\vendor\myshop\core\Router.php | Строка: 27
==================
[2018-03-16 14:30:09] Текст ошибки: Страница не найдена | Файл C:\OSPanel\domains\fw.loc\vendor\myshop\core\Router.php | Строка: 27
==================
[2018-03-16 14:30:40] Текст ошибки: Страница не найдена | Файл C:\OSPanel\domains\fw.loc\vendor\myshop\core\Router.php | Строка: 27
==================
[2018-03-16 14:30:47] Текст ошибки: Страница не найдена | Файл C:\OSPanel\domains\fw.loc\vendor\myshop\core\Router.php | Строка: 27
==================
[2018-03-16 14:30:55] Текст ошибки: Страница не найдена | Файл C:\OSPanel\domains\fw.loc\vendor\myshop\core\Router.php | Строка: 27
==================
[2018-03-16 14:31:03] Текст ошибки: Страница не найдена | Файл C:\OSPanel\domains\fw.loc\vendor\myshop\core\Router.php | Строка: 27
==================
[2018-03-16 14:34:23] Текст ошибки: Контроллер app\controller\PageController не найден | Файл C:\OSPanel\domains\fw.loc\vendor\myshop\core\Router.php | Строка: 30
==================
[2018-03-16 14:34:25] Текст ошибки: Страница не найдена | Файл C:\OSPanel\domains\fw.loc\vendor\myshop\core\Router.php | Строка: 33
==================
[2018-03-16 14:35:30] Текст ошибки: Контроллер app\controller\PageController не найден | Файл C:\OSPanel\domains\fw.loc\vendor\myshop\core\Router.php | Строка: 30
==================
[2018-03-16 14:35:31] Текст ошибки: Страница не найдена | Файл C:\OSPanel\domains\fw.loc\vendor\myshop\core\Router.php | Строка: 33
==================
[2018-03-16 14:36:40] Текст ошибки: Контроллер app\controller\PageController не найден | Файл C:\OSPanel\domains\fw.loc\vendor\myshop\core\Router.php | Строка: 31
==================
[2018-03-16 14:36:42] Текст ошибки: Страница не найдена | Файл C:\OSPanel\domains\fw.loc\vendor\myshop\core\Router.php | Строка: 34
==================
[2018-03-16 14:36:51] Текст ошибки: Контроллер app\controller\PageController не найден | Файл C:\OSPanel\domains\fw.loc\vendor\myshop\core\Router.php | Строка: 31
==================
[2018-03-16 14:36:53] Текст ошибки: Страница не найдена | Файл C:\OSPanel\domains\fw.loc\vendor\myshop\core\Router.php | Строка: 34
==================
[2018-03-16 14:37:02] Текст ошибки: Страница не найдена | Файл C:\OSPanel\domains\fw.loc\vendor\myshop\core\Router.php | Строка: 34
==================
[2018-03-16 14:37:12] Текст ошибки: Страница не найдена | Файл C:\OSPanel\domains\fw.loc\vendor\myshop\core\Router.php | Строка: 34
==================
[2018-03-16 14:37:31] Текст ошибки: Страница не найдена | Файл C:\OSPanel\domains\fw.loc\vendor\myshop\core\Router.php | Строка: 34
==================
[2018-03-16 14:39:21] Текст ошибки: Страница не найдена | Файл C:\OSPanel\domains\fw.loc\vendor\myshop\core\Router.php | Строка: 34
==================
[2018-03-16 14:39:22] Текст ошибки: Страница не найдена | Файл C:\OSPanel\domains\fw.loc\vendor\myshop\core\Router.php | Строка: 34
==================
[2018-03-16 14:39:27] Текст ошибки: Страница не найдена | Файл C:\OSPanel\domains\fw.loc\vendor\myshop\core\Router.php | Строка: 34
==================
[2018-03-16 14:41:13] Текст ошибки: Страница не найдена | Файл C:\OSPanel\domains\fw.loc\vendor\myshop\core\Router.php | Строка: 34
==================
[2018-03-16 14:41:19] Текст ошибки: Страница не найдена | Файл C:\OSPanel\domains\fw.loc\vendor\myshop\core\Router.php | Строка: 34
==================
[2018-03-16 14:41:35] Текст ошибки: Страница не найдена | Файл C:\OSPanel\domains\fw.loc\vendor\myshop\core\Router.php | Строка: 34
==================
[2018-03-16 14:42:43] Текст ошибки: Страница не найдена | Файл C:\OSPanel\domains\fw.loc\vendor\myshop\core\Router.php | Строка: 34
==================
[2018-03-16 14:43:02] Текст ошибки: Страница не найдена | Файл C:\OSPanel\domains\fw.loc\vendor\myshop\core\Router.php | Строка: 34
==================
[2018-03-16 14:43:08] Текст ошибки: Страница не найдена | Файл C:\OSPanel\domains\fw.loc\vendor\myshop\core\Router.php | Строка: 34
==================
[2018-03-16 14:43:27] Текст ошибки: Страница не найдена | Файл C:\OSPanel\domains\fw.loc\vendor\myshop\core\Router.php | Строка: 34
==================
[2018-03-16 14:45:13] Текст ошибки: Метод app\controllers\PageController::Action не найден | Файл C:\OSPanel\domains\fw.loc\vendor\myshop\core\Router.php | Строка: 32
==================
[2018-03-16 14:45:15] Текст ошибки: Страница не найдена | Файл C:\OSPanel\domains\fw.loc\vendor\myshop\core\Router.php | Строка: 38
==================
[2018-03-16 14:45:56] Текст ошибки: Метод Action не найден | Файл C:\OSPanel\domains\fw.loc\vendor\myshop\core\Router.php | Строка: 32
==================
[2018-03-16 14:45:58] Текст ошибки: Страница не найдена | Файл C:\OSPanel\domains\fw.loc\vendor\myshop\core\Router.php | Строка: 38
==================
[2018-03-16 14:46:17] Текст ошибки: Class 'core\elf' not found | Файл C:\OSPanel\domains\fw.loc\vendor\myshop\core\Router.php | Строка: 28
==================
[2018-03-16 14:46:18] Текст ошибки: Страница не найдена | Файл C:\OSPanel\domains\fw.loc\vendor\myshop\core\Router.php | Строка: 39
==================
[2018-03-16 14:46:36] Текст ошибки: Метод Action не найден | Файл C:\OSPanel\domains\fw.loc\vendor\myshop\core\Router.php | Строка: 33
==================
[2018-03-16 14:46:38] Текст ошибки: Страница не найдена | Файл C:\OSPanel\domains\fw.loc\vendor\myshop\core\Router.php | Строка: 39
==================
[2018-03-16 14:47:05] Текст ошибки: Метод Action не найден | Файл C:\OSPanel\domains\fw.loc\vendor\myshop\core\Router.php | Строка: 33
==================
[2018-03-16 14:47:07] Текст ошибки: Страница не найдена | Файл C:\OSPanel\domains\fw.loc\vendor\myshop\core\Router.php | Строка: 39
==================
[2018-03-16 14:48:28] Текст ошибки: Метод Action не найден | Файл C:\OSPanel\domains\fw.loc\vendor\myshop\core\Router.php | Строка: 33
==================
[2018-03-16 14:48:29] Текст ошибки: Страница не найдена | Файл C:\OSPanel\domains\fw.loc\vendor\myshop\core\Router.php | Строка: 39
==================
[2018-03-16 14:48:50] Текст ошибки: Метод Action не найден | Файл C:\OSPanel\domains\fw.loc\vendor\myshop\core\Router.php | Строка: 33
==================
[2018-03-16 14:48:51] Текст ошибки: Страница не найдена | Файл C:\OSPanel\domains\fw.loc\vendor\myshop\core\Router.php | Строка: 39
==================
[2018-03-16 14:49:07] Текст ошибки: Страница не найдена | Файл C:\OSPanel\domains\fw.loc\vendor\myshop\core\Router.php | Строка: 39
==================
[2018-03-16 14:49:20] Текст ошибки: Страница не найдена | Файл C:\OSPanel\domains\fw.loc\vendor\myshop\core\Router.php | Строка: 39
==================
[2018-03-16 14:50:43] Текст ошибки: Контроллер app\controllers\MainController не найден | Файл C:\OSPanel\domains\fw.loc\vendor\myshop\core\Router.php | Строка: 36
==================
[2018-03-16 14:50:44] Текст ошибки: Страница не найдена | Файл C:\OSPanel\domains\fw.loc\vendor\myshop\core\Router.php | Строка: 39
==================
[2018-03-16 14:51:25] Текст ошибки: Страница не найдена | Файл C:\OSPanel\domains\fw.loc\vendor\myshop\core\Router.php | Строка: 39
==================
[2018-03-16 14:51:30] Текст ошибки: Страница не найдена | Файл C:\OSPanel\domains\fw.loc\vendor\myshop\core\Router.php | Строка: 39
==================
[2018-03-16 14:52:38] Текст ошибки: Страница не найдена | Файл C:\OSPanel\domains\fw.loc\vendor\myshop\core\Router.php | Строка: 39
==================
[2018-03-16 14:52:43] Текст ошибки: Страница не найдена | Файл C:\OSPanel\domains\fw.loc\vendor\myshop\core\Router.php | Строка: 39
==================
[2018-03-16 14:52:48] Текст ошибки: Страница не найдена | Файл C:\OSPanel\domains\fw.loc\vendor\myshop\core\Router.php | Строка: 39
==================
[2018-03-16 14:53:14] Текст ошибки: Страница не найдена | Файл C:\OSPanel\domains\fw.loc\vendor\myshop\core\Router.php | Строка: 39
==================
[2018-03-16 14:55:41] Текст ошибки: Страница не найдена | Файл C:\OSPanel\domains\fw.loc\vendor\myshop\core\Router.php | Строка: 39
==================
[2018-03-17 14:57:45] Текст ошибки: Страница не найдена | Файл D:\OSPanel\domains\fw.loc\vendor\myshop\core\Router.php | Строка: 39
==================
[2018-03-17 15:02:45] Текст ошибки: Страница не найдена | Файл D:\OSPanel\domains\fw.loc\vendor\myshop\core\Router.php | Строка: 39
==================
[2018-03-17 15:02:58] Текст ошибки: Страница не найдена | Файл D:\OSPanel\domains\fw.loc\vendor\myshop\core\Router.php | Строка: 39
==================
[2018-03-17 15:03:55] Текст ошибки: Страница не найдена | Файл D:\OSPanel\domains\fw.loc\vendor\myshop\core\Router.php | Строка: 39
==================
[2018-03-17 15:29:09] Текст ошибки: Страница не найдена | Файл D:\OSPanel\domains\fw.loc\vendor\myshop\core\Router.php | Строка: 39
==================
[2018-03-17 15:33:02] Текст ошибки: Страница не найдена | Файл D:\OSPanel\domains\fw.loc\vendor\myshop\core\Router.php | Строка: 39
==================
[2018-03-17 15:33:13] Текст ошибки: Страница не найдена | Файл D:\OSPanel\domains\fw.loc\vendor\myshop\core\Router.php | Строка: 39
==================
[2018-03-17 17:27:57] Текст ошибки: Страница не найдена | Файл D:\OSPanel\domains\fw.loc\vendor\myshop\core\Router.php | Строка: 39
==================
[2018-03-17 17:28:25] Текст ошибки: Страница не найдена | Файл D:\OSPanel\domains\fw.loc\vendor\myshop\core\Router.php | Строка: 39
==================
[2018-03-17 18:10:18] Текст ошибки: Страница не найдена | Файл D:\OSPanel\domains\fw.loc\vendor\myshop\core\Router.php | Строка: 39
==================
[2018-03-17 20:18:57] Текст ошибки: Страница не найдена | Файл D:\OSPanel\domains\fw.loc\vendor\myshop\core\Router.php | Строка: 40
==================
[2018-03-17 20:19:07] Текст ошибки: Страница не найдена | Файл D:\OSPanel\domains\fw.loc\vendor\myshop\core\Router.php | Строка: 40
==================
[2018-03-17 20:23:24] Текст ошибки: Не найден вид D:\OSPanel\domains\fw.loc/app/views/Page/index.php | Файл D:\OSPanel\domains\fw.loc\vendor\myshop\core\View.php | Строка: 37
==================
[2018-03-17 20:23:24] Текст ошибки: Страница не найдена | Файл D:\OSPanel\domains\fw.loc\vendor\myshop\core\Router.php | Строка: 40
==================
[2018-03-17 20:23:51] Текст ошибки: Страница не найдена | Файл D:\OSPanel\domains\fw.loc\vendor\myshop\core\Router.php | Строка: 40
==================
[2018-03-17 20:24:24] Текст ошибки: Страница не найдена | Файл D:\OSPanel\domains\fw.loc\vendor\myshop\core\Router.php | Строка: 40
==================
[2018-03-17 20:26:33] Текст ошибки: Страница не найдена | Файл D:\OSPanel\domains\fw.loc\vendor\myshop\core\Router.php | Строка: 40
==================
[2018-03-17 20:26:41] Текст ошибки: Страница не найдена | Файл D:\OSPanel\domains\fw.loc\vendor\myshop\core\Router.php | Строка: 40
==================
[2018-03-17 20:31:15] Текст ошибки: Страница не найдена | Файл D:\OSPanel\domains\fw.loc\vendor\myshop\core\Router.php | Строка: 40
==================
[2018-03-17 20:31:26] Текст ошибки: Страница не найдена | Файл D:\OSPanel\domains\fw.loc\vendor\myshop\core\Router.php | Строка: 40
==================
[2018-03-17 20:31:40] Текст ошибки: Страница не найдена | Файл D:\OSPanel\domains\fw.loc\vendor\myshop\core\Router.php | Строка: 40
==================
[2018-03-17 20:33:09] Текст ошибки: Не найден вид D:\OSPanel\domains\fw.loc/app/views/Main/index.php | Файл D:\OSPanel\domains\fw.loc\vendor\myshop\core\View.php | Строка: 39
==================
[2018-03-17 20:33:09] Текст ошибки: Страница не найдена | Файл D:\OSPanel\domains\fw.loc\vendor\myshop\core\Router.php | Строка: 40
==================
[2018-03-17 20:33:31] Текст ошибки: Страница не найдена | Файл D:\OSPanel\domains\fw.loc\vendor\myshop\core\Router.php | Строка: 40
==================
[2018-03-17 20:33:45] Текст ошибки: Страница не найдена | Файл D:\OSPanel\domains\fw.loc\vendor\myshop\core\Router.php | Строка: 40
==================
[2018-03-17 20:33:58] Текст ошибки: Страница не найдена | Файл D:\OSPanel\domains\fw.loc\vendor\myshop\core\Router.php | Строка: 40
==================
[2018-03-17 20:34:17] Текст ошибки: Страница не найдена | Файл D:\OSPanel\domains\fw.loc\vendor\myshop\core\Router.php | Строка: 40
==================
[2018-03-17 20:37:33] Текст ошибки: Страница не найдена | Файл D:\OSPanel\domains\fw.loc\vendor\myshop\core\Router.php | Строка: 40
==================
[2018-03-17 20:37:33] Текст ошибки: Страница не найдена | Файл D:\OSPanel\domains\fw.loc\vendor\myshop\core\Router.php | Строка: 40
==================
[2018-03-17 20:37:34] Текст ошибки: Страница не найдена | Файл D:\OSPanel\domains\fw.loc\vendor\myshop\core\Router.php | Строка: 40
==================
[2018-03-17 20:37:34] Текст ошибки: Страница не найдена | Файл D:\OSPanel\domains\fw.loc\vendor\myshop\core\Router.php | Строка: 40
==================
[2018-03-17 20:37:34] Текст ошибки: Страница не найдена | Файл D:\OSPanel\domains\fw.loc\vendor\myshop\core\Router.php | Строка: 40
==================
[2018-03-17 20:37:34] Текст ошибки: Страница не найдена | Файл D:\OSPanel\domains\fw.loc\vendor\myshop\core\Router.php | Строка: 40
==================
[2018-03-17 20:39:35] Текст ошибки: Страница не найдена | Файл D:\OSPanel\domains\fw.loc\vendor\myshop\core\Router.php | Строка: 40
==================
[2018-03-17 20:40:03] Текст ошибки: Страница не найдена | Файл D:\OSPanel\domains\fw.loc\vendor\myshop\core\Router.php | Строка: 40
==================
[2018-03-17 20:40:25] Текст ошибки: Страница не найдена | Файл D:\OSPanel\domains\fw.loc\vendor\myshop\core\Router.php | Строка: 40
==================
[2018-03-17 20:41:15] Текст ошибки: Страница не найдена | Файл D:\OSPanel\domains\fw.loc\vendor\myshop\core\Router.php | Строка: 40
==================
[2018-03-17 21:05:40] Текст ошибки: Страница не найдена | Файл D:\OSPanel\domains\fw.loc\vendor\myshop\core\Router.php | Строка: 40
==================
[2018-03-17 21:20:15] Текст ошибки: Страница не найдена | Файл D:\OSPanel\domains\fw.loc\vendor\myshop\core\Router.php | Строка: 40
==================
[2018-03-17 21:25:33] Текст ошибки: Страница не найдена | Файл D:\OSPanel\domains\fw.loc\vendor\myshop\core\Router.php | Строка: 40
==================
[2018-03-17 21:26:18] Текст ошибки: Страница не найдена | Файл D:\OSPanel\domains\fw.loc\vendor\myshop\core\Router.php | Строка: 40
==================
[2018-03-17 21:28:49] Текст ошибки: Страница не найдена | Файл D:\OSPanel\domains\fw.loc\vendor\myshop\core\Router.php | Строка: 40
==================
[2018-03-17 21:28:55] Текст ошибки: Страница не найдена | Файл D:\OSPanel\domains\fw.loc\vendor\myshop\core\Router.php | Строка: 40
==================
[2018-03-17 22:01:59] Текст ошибки: Страница не найдена | Файл D:\OSPanel\domains\fw.loc\vendor\myshop\core\Router.php | Строка: 40
==================
[2018-03-17 22:02:45] Текст ошибки: Страница не найдена | Файл D:\OSPanel\domains\fw.loc\vendor\myshop\core\Router.php | Строка: 40
==================
[2018-03-17 22:03:17] Текст ошибки: Страница не найдена | Файл D:\OSPanel\domains\fw.loc\vendor\myshop\core\Router.php | Строка: 40
==================
[2018-03-17 22:07:56] Текст ошибки: Страница не найдена | Файл D:\OSPanel\domains\fw.loc\vendor\myshop\core\Router.php | Строка: 40
==================
[2018-03-17 22:09:08] Текст ошибки: Страница не найдена | Файл D:\OSPanel\domains\fw.loc\vendor\myshop\core\Router.php | Строка: 40
==================
[2018-03-17 22:09:09] Текст ошибки: Страница не найдена | Файл D:\OSPanel\domains\fw.loc\vendor\myshop\core\Router.php | Строка: 40
==================
[2018-03-17 22:09:09] Текст ошибки: Страница не найдена | Файл D:\OSPanel\domains\fw.loc\vendor\myshop\core\Router.php | Строка: 40
==================
[2018-03-17 22:09:09] Текст ошибки: Страница не найдена | Файл D:\OSPanel\domains\fw.loc\vendor\myshop\core\Router.php | Строка: 40
==================
[2018-03-17 22:09:37] Текст ошибки: Страница не найдена | Файл D:\OSPanel\domains\fw.loc\vendor\myshop\core\Router.php | Строка: 40
==================
[2018-03-17 22:09:38] Текст ошибки: Страница не найдена | Файл D:\OSPanel\domains\fw.loc\vendor\myshop\core\Router.php | Строка: 40
==================
[2018-03-17 22:09:38] Текст ошибки: Страница не найдена | Файл D:\OSPanel\domains\fw.loc\vendor\myshop\core\Router.php | Строка: 40
==================
[2018-03-17 22:09:59] Текст ошибки: Страница не найдена | Файл D:\OSPanel\domains\fw.loc\vendor\myshop\core\Router.php | Строка: 40
==================
[2018-03-17 22:10:00] Текст ошибки: Страница не найдена | Файл D:\OSPanel\domains\fw.loc\vendor\myshop\core\Router.php | Строка: 40
==================
[2018-03-17 22:10:00] Текст ошибки: Страница не найдена | Файл D:\OSPanel\domains\fw.loc\vendor\myshop\core\Router.php | Строка: 40
==================
[2018-03-17 22:10:00] Текст ошибки: Страница не найдена | Файл D:\OSPanel\domains\fw.loc\vendor\myshop\core\Router.php | Строка: 40
==================
[2018-03-17 22:10:31] Текст ошибки: Страница не найдена | Файл D:\OSPanel\domains\fw.loc\vendor\myshop\core\Router.php | Строка: 40
==================
[2018-03-17 22:11:40] Текст ошибки: Страница не найдена | Файл D:\OSPanel\domains\fw.loc\vendor\myshop\core\Router.php | Строка: 40
==================
[2018-03-17 22:11:40] Текст ошибки: Страница не найдена | Файл D:\OSPanel\domains\fw.loc\vendor\myshop\core\Router.php | Строка: 40
==================
[2018-03-17 22:11:40] Текст ошибки: Страница не найдена | Файл D:\OSPanel\domains\fw.loc\vendor\myshop\core\Router.php | Строка: 40
==================
[2018-03-17 22:12:05] Текст ошибки: Страница не найдена | Файл D:\OSPanel\domains\fw.loc\vendor\myshop\core\Router.php | Строка: 40
==================
[2018-03-18 11:14:46] Текст ошибки: Страница не найдена | Файл D:\OSPanel\domains\fw.loc\vendor\myshop\core\Router.php | Строка: 40
==================
[2018-03-18 11:15:24] Текст ошибки: Страница не найдена | Файл D:\OSPanel\domains\fw.loc\vendor\myshop\core\Router.php | Строка: 40
==================
[2018-03-18 11:15:53] Текст ошибки: Страница не найдена | Файл D:\OSPanel\domains\fw.loc\vendor\myshop\core\Router.php | Строка: 40
==================
[2018-03-18 11:15:54] Текст ошибки: Страница не найдена | Файл D:\OSPanel\domains\fw.loc\vendor\myshop\core\Router.php | Строка: 40
==================
[2018-03-18 11:16:13] Текст ошибки: Страница не найдена | Файл D:\OSPanel\domains\fw.loc\vendor\myshop\core\Router.php | Строка: 40
==================
[2018-03-18 11:17:02] Текст ошибки: Страница не найдена | Файл D:\OSPanel\domains\fw.loc\vendor\myshop\core\Router.php | Строка: 40
==================
[2018-03-18 11:17:22] Текст ошибки: Страница не найдена | Файл D:\OSPanel\domains\fw.loc\vendor\myshop\core\Router.php | Строка: 40
==================
[2018-03-18 11:18:29] Текст ошибки: Страница не найдена | Файл D:\OSPanel\domains\fw.loc\vendor\myshop\core\Router.php | Строка: 40
==================
[2018-03-18 11:18:56] Текст ошибки: Страница не найдена | Файл D:\OSPanel\domains\fw.loc\vendor\myshop\core\Router.php | Строка: 40
==================
[2018-03-18 11:19:59] Текст ошибки: Страница не найдена | Файл D:\OSPanel\domains\fw.loc\vendor\myshop\core\Router.php | Строка: 40
==================
[2018-03-18 11:20:01] Текст ошибки: Страница не найдена | Файл D:\OSPanel\domains\fw.loc\vendor\myshop\core\Router.php | Строка: 40
==================
[2018-03-18 11:20:23] Текст ошибки: Страница не найдена | Файл D:\OSPanel\domains\fw.loc\vendor\myshop\core\Router.php | Строка: 40
==================
[2018-03-18 11:20:57] Текст ошибки: Страница не найдена | Файл D:\OSPanel\domains\fw.loc\vendor\myshop\core\Router.php | Строка: 40
==================
[2018-03-18 11:21:16] Текст ошибки: Страница не найдена | Файл D:\OSPanel\domains\fw.loc\vendor\myshop\core\Router.php | Строка: 40
==================
[2018-03-18 11:22:51] Текст ошибки: Страница не найдена | Файл D:\OSPanel\domains\fw.loc\vendor\myshop\core\Router.php | Строка: 40
==================
[2018-03-18 11:23:09] Текст ошибки: Страница не найдена | Файл D:\OSPanel\domains\fw.loc\vendor\myshop\core\Router.php | Строка: 40
==================
[2018-03-18 11:23:29] Текст ошибки: Страница не найдена | Файл D:\OSPanel\domains\fw.loc\vendor\myshop\core\Router.php | Строка: 40
==================
[2018-03-18 11:23:48] Текст ошибки: Страница не найдена | Файл D:\OSPanel\domains\fw.loc\vendor\myshop\core\Router.php | Строка: 40
==================
[2018-03-18 11:24:03] Текст ошибки: Страница не найдена | Файл D:\OSPanel\domains\fw.loc\vendor\myshop\core\Router.php | Строка: 40
==================
[2018-03-18 11:24:56] Текст ошибки: Страница не найдена | Файл D:\OSPanel\domains\fw.loc\vendor\myshop\core\Router.php | Строка: 40
==================
[2018-03-18 11:24:57] Текст ошибки: Страница не найдена | Файл D:\OSPanel\domains\fw.loc\vendor\myshop\core\Router.php | Строка: 40
==================
[2018-03-18 11:24:58] Текст ошибки: Страница не найдена | Файл D:\OSPanel\domains\fw.loc\vendor\myshop\core\Router.php | Строка: 40
==================
[2018-03-18 11:24:58] Текст ошибки: Страница не найдена | Файл D:\OSPanel\domains\fw.loc\vendor\myshop\core\Router.php | Строка: 40
==================
[2018-03-18 11:25:11] Текст ошибки: Страница не найдена | Файл D:\OSPanel\domains\fw.loc\vendor\myshop\core\Router.php | Строка: 40
==================
[2018-03-18 11:25:12] Текст ошибки: Страница не найдена | Файл D:\OSPanel\domains\fw.loc\vendor\myshop\core\Router.php | Строка: 40
==================
[2018-03-18 11:25:12] Текст ошибки: Страница не найдена | Файл D:\OSPanel\domains\fw.loc\vendor\myshop\core\Router.php | Строка: 40
==================
[2018-03-18 11:25:13] Текст ошибки: Страница не найдена | Файл D:\OSPanel\domains\fw.loc\vendor\myshop\core\Router.php | Строка: 40
==================
[2018-03-18 11:25:13] Текст ошибки: Страница не найдена | Файл D:\OSPanel\domains\fw.loc\vendor\myshop\core\Router.php | Строка: 40
==================
[2018-03-18 11:25:13] Текст ошибки: Страница не найдена | Файл D:\OSPanel\domains\fw.loc\vendor\myshop\core\Router.php | Строка: 40
==================
[2018-03-18 11:25:29] Текст ошибки: Страница не найдена | Файл D:\OSPanel\domains\fw.loc\vendor\myshop\core\Router.php | Строка: 40
==================
[2018-03-18 11:25:30] Текст ошибки: Страница не найдена | Файл D:\OSPanel\domains\fw.loc\vendor\myshop\core\Router.php | Строка: 40
==================
[2018-03-18 11:25:30] Текст ошибки: Страница не найдена | Файл D:\OSPanel\domains\fw.loc\vendor\myshop\core\Router.php | Строка: 40
==================
[2018-03-18 11:25:30] Текст ошибки: Страница не найдена | Файл D:\OSPanel\domains\fw.loc\vendor\myshop\core\Router.php | Строка: 40
==================
[2018-03-18 11:25:30] Текст ошибки: Страница не найдена | Файл D:\OSPanel\domains\fw.loc\vendor\myshop\core\Router.php | Строка: 40
==================
[2018-03-18 11:25:30] Текст ошибки: Страница не найдена | Файл D:\OSPanel\domains\fw.loc\vendor\myshop\core\Router.php | Строка: 40
==================
[2018-03-18 11:25:31] Текст ошибки: Страница не найдена | Файл D:\OSPanel\domains\fw.loc\vendor\myshop\core\Router.php | Строка: 40
==================
[2018-03-18 11:25:31] Текст ошибки: Страница не найдена | Файл D:\OSPanel\domains\fw.loc\vendor\myshop\core\Router.php | Строка: 40
==================
[2018-03-18 11:25:51] Текст ошибки: Страница не найдена | Файл D:\OSPanel\domains\fw.loc\vendor\myshop\core\Router.php | Строка: 40
==================
[2018-03-18 11:26:22] Текст ошибки: Страница не найдена | Файл D:\OSPanel\domains\fw.loc\vendor\myshop\core\Router.php | Строка: 40
==================
[2018-03-18 11:26:37] Текст ошибки: Страница не найдена | Файл D:\OSPanel\domains\fw.loc\vendor\myshop\core\Router.php | Строка: 40
==================
[2018-03-18 11:27:40] Текст ошибки: Страница не найдена | Файл D:\OSPanel\domains\fw.loc\vendor\myshop\core\Router.php | Строка: 40
==================
[2018-03-18 11:27:40] Текст ошибки: Страница не найдена | Файл D:\OSPanel\domains\fw.loc\vendor\myshop\core\Router.php | Строка: 40
==================
[2018-03-18 11:27:40] Текст ошибки: Страница не найдена | Файл D:\OSPanel\domains\fw.loc\vendor\myshop\core\Router.php | Строка: 40
==================
[2018-03-18 11:27:41] Текст ошибки: Страница не найдена | Файл D:\OSPanel\domains\fw.loc\vendor\myshop\core\Router.php | Строка: 40
==================
[2018-03-18 11:27:47] Текст ошибки: Страница не найдена | Файл D:\OSPanel\domains\fw.loc\vendor\myshop\core\Router.php | Строка: 40
==================
[2018-03-18 11:27:47] Текст ошибки: Страница не найдена | Файл D:\OSPanel\domains\fw.loc\vendor\myshop\core\Router.php | Строка: 40
==================
[2018-03-18 11:27:47] Текст ошибки: Страница не найдена | Файл D:\OSPanel\domains\fw.loc\vendor\myshop\core\Router.php | Строка: 40
==================
[2018-03-18 11:27:47] Текст ошибки: Страница не найдена | Файл D:\OSPanel\domains\fw.loc\vendor\myshop\core\Router.php | Строка: 40
==================
[2018-03-18 11:27:48] Текст ошибки: Страница не найдена | Файл D:\OSPanel\domains\fw.loc\vendor\myshop\core\Router.php | Строка: 40
==================
[2018-03-18 11:27:48] Текст ошибки: Страница не найдена | Файл D:\OSPanel\domains\fw.loc\vendor\myshop\core\Router.php | Строка: 40
==================
[2018-03-18 11:27:48] Текст ошибки: Страница не найдена | Файл D:\OSPanel\domains\fw.loc\vendor\myshop\core\Router.php | Строка: 40
==================
[2018-03-18 11:28:00] Текст ошибки: Страница не найдена | Файл D:\OSPanel\domains\fw.loc\vendor\myshop\core\Router.php | Строка: 40
==================
[2018-03-18 11:28:00] Текст ошибки: Страница не найдена | Файл D:\OSPanel\domains\fw.loc\vendor\myshop\core\Router.php | Строка: 40
==================
[2018-03-18 11:28:01] Текст ошибки: Страница не найдена | Файл D:\OSPanel\domains\fw.loc\vendor\myshop\core\Router.php | Строка: 40
==================
[2018-03-18 11:28:01] Текст ошибки: Страница не найдена | Файл D:\OSPanel\domains\fw.loc\vendor\myshop\core\Router.php | Строка: 40
==================
[2018-03-18 11:28:01] Текст ошибки: Страница не найдена | Файл D:\OSPanel\domains\fw.loc\vendor\myshop\core\Router.php | Строка: 40
==================
[2018-03-18 11:28:01] Текст ошибки: Страница не найдена | Файл D:\OSPanel\domains\fw.loc\vendor\myshop\core\Router.php | Строка: 40
==================
[2018-03-18 11:28:59] Текст ошибки: Страница не найдена | Файл D:\OSPanel\domains\fw.loc\vendor\myshop\core\Router.php | Строка: 40
==================
[2018-03-18 11:29:00] Текст ошибки: Страница не найдена | Файл D:\OSPanel\domains\fw.loc\vendor\myshop\core\Router.php | Строка: 40
==================
[2018-03-18 11:29:00] Текст ошибки: Страница не найдена | Файл D:\OSPanel\domains\fw.loc\vendor\myshop\core\Router.php | Строка: 40
==================
[2018-03-18 11:29:00] Текст ошибки: Страница не найдена | Файл D:\OSPanel\domains\fw.loc\vendor\myshop\core\Router.php | Строка: 40
==================
[2018-03-18 11:29:38] Текст ошибки: Страница не найдена | Файл D:\OSPanel\domains\fw.loc\vendor\myshop\core\Router.php | Строка: 40
==================
[2018-03-18 11:35:23] Текст ошибки: Страница не найдена | Файл D:\OSPanel\domains\fw.loc\vendor\myshop\core\Router.php | Строка: 40
==================
[2018-03-18 11:35:25] Текст ошибки: Страница не найдена | Файл D:\OSPanel\domains\fw.loc\vendor\myshop\core\Router.php | Строка: 40
==================
[2018-03-18 11:45:20] Текст ошибки: Страница не найдена | Файл D:\OSPanel\domains\fw.loc\vendor\myshop\core\Router.php | Строка: 40
==================
[2018-03-18 11:46:07] Текст ошибки: Страница не найдена | Файл D:\OSPanel\domains\fw.loc\vendor\myshop\core\Router.php | Строка: 40
==================
[2018-03-18 11:46:10] Текст ошибки: Страница не найдена | Файл D:\OSPanel\domains\fw.loc\vendor\myshop\core\Router.php | Строка: 40
==================
[2018-03-18 11:46:15] Текст ошибки: Страница не найдена | Файл D:\OSPanel\domains\fw.loc\vendor\myshop\core\Router.php | Строка: 40
==================
[2018-03-18 11:46:42] Текст ошибки: Страница не найдена | Файл D:\OSPanel\domains\fw.loc\vendor\myshop\core\Router.php | Строка: 40
==================
[2018-03-18 11:46:42] Текст ошибки: Страница не найдена | Файл D:\OSPanel\domains\fw.loc\vendor\myshop\core\Router.php | Строка: 40
==================
[2018-03-18 11:46:42] Текст ошибки: Страница не найдена | Файл D:\OSPanel\domains\fw.loc\vendor\myshop\core\Router.php | Строка: 40
==================
[2018-03-18 11:46:43] Текст ошибки: Страница не найдена | Файл D:\OSPanel\domains\fw.loc\vendor\myshop\core\Router.php | Строка: 40
==================
[2018-03-18 11:46:44] Текст ошибки: Страница не найдена | Файл D:\OSPanel\domains\fw.loc\vendor\myshop\core\Router.php | Строка: 40
==================
[2018-03-18 11:46:44] Текст ошибки: Страница не найдена | Файл D:\OSPanel\domains\fw.loc\vendor\myshop\core\Router.php | Строка: 40
==================
[2018-03-18 11:46:44] Текст ошибки: Страница не найдена | Файл D:\OSPanel\domains\fw.loc\vendor\myshop\core\Router.php | Строка: 40
==================
[2018-03-18 11:46:44] Текст ошибки: Страница не найдена | Файл D:\OSPanel\domains\fw.loc\vendor\myshop\core\Router.php | Строка: 40
==================
[2018-03-18 11:46:44] Текст ошибки: Страница не найдена | Файл D:\OSPanel\domains\fw.loc\vendor\myshop\core\Router.php | Строка: 40
==================
[2018-03-18 11:46:45] Текст ошибки: Страница не найдена | Файл D:\OSPanel\domains\fw.loc\vendor\myshop\core\Router.php | Строка: 40
==================
[2018-03-18 11:47:08] Текст ошибки: Страница не найдена | Файл D:\OSPanel\domains\fw.loc\vendor\myshop\core\Router.php | Строка: 40
==================
[2018-03-18 11:47:23] Текст ошибки: Страница не найдена | Файл D:\OSPanel\domains\fw.loc\vendor\myshop\core\Router.php | Строка: 40
==================
[2018-03-18 11:47:24] Текст ошибки: Страница не найдена | Файл D:\OSPanel\domains\fw.loc\vendor\myshop\core\Router.php | Строка: 40
==================
[2018-03-18 11:47:25] Текст ошибки: Страница не найдена | Файл D:\OSPanel\domains\fw.loc\vendor\myshop\core\Router.php | Строка: 40
==================
[2018-03-18 11:47:25] Текст ошибки: Страница не найдена | Файл D:\OSPanel\domains\fw.loc\vendor\myshop\core\Router.php | Строка: 40
==================
[2018-03-18 11:48:03] Текст ошибки: Страница не найдена | Файл D:\OSPanel\domains\fw.loc\vendor\myshop\core\Router.php | Строка: 40
==================
[2018-03-18 11:48:04] Текст ошибки: Страница не найдена | Файл D:\OSPanel\domains\fw.loc\vendor\myshop\core\Router.php | Строка: 40
==================
[2018-03-18 11:50:33] Текст ошибки: Страница не найдена | Файл D:\OSPanel\domains\fw.loc\vendor\myshop\core\Router.php | Строка: 40
==================
[2018-03-18 11:50:35] Текст ошибки: Страница не найдена | Файл D:\OSPanel\domains\fw.loc\vendor\myshop\core\Router.php | Строка: 40
==================
[2018-03-18 11:51:23] Текст ошибки: Страница не найдена | Файл D:\OSPanel\domains\fw.loc\vendor\myshop\core\Router.php | Строка: 40
==================
[2018-03-18 11:51:46] Текст ошибки: Страница не найдена | Файл D:\OSPanel\domains\fw.loc\vendor\myshop\core\Router.php | Строка: 40
==================
[2018-03-18 11:51:47] Текст ошибки: Страница не найдена | Файл D:\OSPanel\domains\fw.loc\vendor\myshop\core\Router.php | Строка: 40
==================
[2018-03-18 11:51:47] Текст ошибки: Страница не найдена | Файл D:\OSPanel\domains\fw.loc\vendor\myshop\core\Router.php | Строка: 40
==================
[2018-03-18 11:51:47] Текст ошибки: Страница не найдена | Файл D:\OSPanel\domains\fw.loc\vendor\myshop\core\Router.php | Строка: 40
==================
[2018-03-18 11:52:47] Текст ошибки: Страница не найдена | Файл D:\OSPanel\domains\fw.loc\vendor\myshop\core\Router.php | Строка: 40
==================
[2018-03-18 11:52:53] Текст ошибки: Страница не найдена | Файл D:\OSPanel\domains\fw.loc\vendor\myshop\core\Router.php | Строка: 40
==================
[2018-03-18 11:53:57] Текст ошибки: Страница не найдена | Файл D:\OSPanel\domains\fw.loc\vendor\myshop\core\Router.php | Строка: 40
==================
[2018-03-18 11:59:26] Текст ошибки: Страница не найдена | Файл D:\OSPanel\domains\fw.loc\vendor\myshop\core\Router.php | Строка: 40
==================
[2018-03-18 11:59:48] Текст ошибки: Страница не найдена | Файл D:\OSPanel\domains\fw.loc\vendor\myshop\core\Router.php | Строка: 40
==================
[2018-03-18 11:59:49] Текст ошибки: Страница не найдена | Файл D:\OSPanel\domains\fw.loc\vendor\myshop\core\Router.php | Строка: 40
==================
[2018-03-18 12:00:25] Текст ошибки: Страница не найдена | Файл D:\OSPanel\domains\fw.loc\vendor\myshop\core\Router.php | Строка: 40
==================
[2018-03-18 12:00:52] Текст ошибки: Страница не найдена | Файл D:\OSPanel\domains\fw.loc\vendor\myshop\core\Router.php | Строка: 40
==================
[2018-03-18 12:00:53] Текст ошибки: Страница не найдена | Файл D:\OSPanel\domains\fw.loc\vendor\myshop\core\Router.php | Строка: 40
==================
[2018-03-18 12:01:00] Текст ошибки: Страница не найдена | Файл D:\OSPanel\domains\fw.loc\vendor\myshop\core\Router.php | Строка: 40
==================
[2018-03-18 12:01:01] Текст ошибки: Страница не найдена | Файл D:\OSPanel\domains\fw.loc\vendor\myshop\core\Router.php | Строка: 40
==================
[2018-03-18 12:01:01] Текст ошибки: Страница не найдена | Файл D:\OSPanel\domains\fw.loc\vendor\myshop\core\Router.php | Строка: 40
==================
[2018-03-18 12:01:02] Текст ошибки: Страница не найдена | Файл D:\OSPanel\domains\fw.loc\vendor\myshop\core\Router.php | Строка: 40
==================
[2018-03-18 12:01:41] Текст ошибки: Страница не найдена | Файл D:\OSPanel\domains\fw.loc\vendor\myshop\core\Router.php | Строка: 40
==================
[2018-03-18 12:02:56] Текст ошибки: Страница не найдена | Файл D:\OSPanel\domains\fw.loc\vendor\myshop\core\Router.php | Строка: 40
==================
[2018-03-18 12:02:57] Текст ошибки: Страница не найдена | Файл D:\OSPanel\domains\fw.loc\vendor\myshop\core\Router.php | Строка: 40
==================
[2018-03-18 12:03:36] Текст ошибки: Страница не найдена | Файл D:\OSPanel\domains\fw.loc\vendor\myshop\core\Router.php | Строка: 40
==================
[2018-03-18 12:03:54] Текст ошибки: Страница не найдена | Файл D:\OSPanel\domains\fw.loc\vendor\myshop\core\Router.php | Строка: 40
==================
[2018-03-18 12:04:23] Текст ошибки: Страница не найдена | Файл D:\OSPanel\domains\fw.loc\vendor\myshop\core\Router.php | Строка: 40
==================
[2018-03-18 12:04:27] Текст ошибки: Страница не найдена | Файл D:\OSPanel\domains\fw.loc\vendor\myshop\core\Router.php | Строка: 40
==================
[2018-03-18 12:04:28] Текст ошибки: Страница не найдена | Файл D:\OSPanel\domains\fw.loc\vendor\myshop\core\Router.php | Строка: 40
==================
[2018-03-18 12:04:28] Текст ошибки: Страница не найдена | Файл D:\OSPanel\domains\fw.loc\vendor\myshop\core\Router.php | Строка: 40
==================
[2018-03-18 12:04:28] Текст ошибки: Страница не найдена | Файл D:\OSPanel\domains\fw.loc\vendor\myshop\core\Router.php | Строка: 40
==================
[2018-03-18 12:04:28] Текст ошибки: Страница не найдена | Файл D:\OSPanel\domains\fw.loc\vendor\myshop\core\Router.php | Строка: 40
==================
[2018-03-18 12:42:40] Текст ошибки: Страница не найдена | Файл D:\OSPanel\domains\fw.loc\vendor\myshop\core\Router.php | Строка: 40
==================
[2018-03-18 12:51:02] Текст ошибки: Страница не найдена | Файл D:\OSPanel\domains\fw.loc\vendor\myshop\core\Router.php | Строка: 40
==================
[2018-03-18 12:51:15] Текст ошибки: Страница не найдена | Файл D:\OSPanel\domains\fw.loc\vendor\myshop\core\Router.php | Строка: 40
==================
[2018-03-18 12:52:18] Текст ошибки: Страница не найдена | Файл D:\OSPanel\domains\fw.loc\vendor\myshop\core\Router.php | Строка: 41
==================
[2018-03-18 12:52:21] Текст ошибки: Страница не найдена | Файл D:\OSPanel\domains\fw.loc\vendor\myshop\core\Router.php | Строка: 41
==================
[2018-03-18 12:52:27] Текст ошибки: Страница не найдена | Файл D:\OSPanel\domains\fw.loc\vendor\myshop\core\Router.php | Строка: 41
==================
[2018-03-18 12:52:27] Текст ошибки: Страница не найдена | Файл D:\OSPanel\domains\fw.loc\vendor\myshop\core\Router.php | Строка: 41
==================
[2018-03-18 12:52:43] Текст ошибки: Страница не найдена | Файл D:\OSPanel\domains\fw.loc\vendor\myshop\core\Router.php | Строка: 41
==================
[2018-03-18 12:52:43] Текст ошибки: Страница не найдена | Файл D:\OSPanel\domains\fw.loc\vendor\myshop\core\Router.php | Строка: 41
==================
[2018-03-18 13:01:46] Текст ошибки: Страница не найдена | Файл D:\OSPanel\domains\fw.loc\vendor\myshop\core\Router.php | Строка: 41
==================
[2018-03-18 13:01:46] Текст ошибки: Страница не найдена | Файл D:\OSPanel\domains\fw.loc\vendor\myshop\core\Router.php | Строка: 41
==================
[2018-03-18 13:01:52] Текст ошибки: Страница не найдена | Файл D:\OSPanel\domains\fw.loc\vendor\myshop\core\Router.php | Строка: 41
==================
[2018-03-18 13:01:52] Текст ошибки: Страница не найдена | Файл D:\OSPanel\domains\fw.loc\vendor\myshop\core\Router.php | Строка: 41
==================
[2018-03-18 13:02:07] Текст ошибки: Страница не найдена | Файл D:\OSPanel\domains\fw.loc\vendor\myshop\core\Router.php | Строка: 41
==================
[2018-03-18 13:02:07] Текст ошибки: Страница не найдена | Файл D:\OSPanel\domains\fw.loc\vendor\myshop\core\Router.php | Строка: 41
==================
[2018-03-18 13:04:18] Текст ошибки: Страница не найдена | Файл D:\OSPanel\domains\fw.loc\vendor\myshop\core\Router.php | Строка: 41
==================
[2018-03-18 13:04:18] Текст ошибки: Страница не найдена | Файл D:\OSPanel\domains\fw.loc\vendor\myshop\core\Router.php | Строка: 41
==================
[2018-03-18 13:04:24] Текст ошибки: Страница не найдена | Файл D:\OSPanel\domains\fw.loc\vendor\myshop\core\Router.php | Строка: 41
==================
[2018-03-18 13:04:24] Текст ошибки: Страница не найдена | Файл D:\OSPanel\domains\fw.loc\vendor\myshop\core\Router.php | Строка: 41
==================
[2018-03-18 13:04:28] Текст ошибки: Страница не найдена | Файл D:\OSPanel\domains\fw.loc\vendor\myshop\core\Router.php | Строка: 41
==================
[2018-03-18 13:04:28] Текст ошибки: Страница не найдена | Файл D:\OSPanel\domains\fw.loc\vendor\myshop\core\Router.php | Строка: 41
==================
[2018-03-18 13:05:38] Текст ошибки: Страница не найдена | Файл D:\OSPanel\domains\fw.loc\vendor\myshop\core\Router.php | Строка: 41
==================
[2018-03-18 13:05:38] Текст ошибки: Страница не найдена | Файл D:\OSPanel\domains\fw.loc\vendor\myshop\core\Router.php | Строка: 41
==================
[2018-03-18 13:06:11] Текст ошибки: Страница не найдена | Файл D:\OSPanel\domains\fw.loc\vendor\myshop\core\Router.php | Строка: 41
==================
[2018-03-18 13:06:11] Текст ошибки: Страница не найдена | Файл D:\OSPanel\domains\fw.loc\vendor\myshop\core\Router.php | Строка: 41
==================
[2018-03-18 13:06:23] Текст ошибки: Страница не найдена | Файл D:\OSPanel\domains\fw.loc\vendor\myshop\core\Router.php | Строка: 41
==================
[2018-03-18 13:06:23] Текст ошибки: Страница не найдена | Файл D:\OSPanel\domains\fw.loc\vendor\myshop\core\Router.php | Строка: 41
==================
[2018-03-18 13:06:44] Текст ошибки: Страница не найдена | Файл D:\OSPanel\domains\fw.loc\vendor\myshop\core\Router.php | Строка: 41
==================
[2018-03-18 13:17:06] Текст ошибки: Страница не найдена | Файл D:\OSPanel\domains\fw.loc\vendor\myshop\core\Router.php | Строка: 40
==================
[2018-03-19 19:45:36] Текст ошибки: Страница не найдена | Файл D:\OSPanel\domains\fw.loc\vendor\myshop\core\Router.php | Строка: 40
==================
[2018-03-19 19:45:43] Текст ошибки: Страница не найдена | Файл D:\OSPanel\domains\fw.loc\vendor\myshop\core\Router.php | Строка: 40
==================
[2018-03-19 19:46:08] Текст ошибки: Class 'app\controllers\App' not found | Файл D:\OSPanel\domains\fw.loc\app\controllers\MainController.php | Строка: 12
==================
[2018-03-19 19:46:08] Текст ошибки: Страница не найдена | Файл D:\OSPanel\domains\fw.loc\vendor\myshop\core\Router.php | Строка: 40
==================
[2018-03-19 19:47:34] Текст ошибки: Страница не найдена | Файл D:\OSPanel\domains\fw.loc\vendor\myshop\core\Router.php | Строка: 40
==================
[2018-03-19 19:47:36] Текст ошибки: Страница не найдена | Файл D:\OSPanel\domains\fw.loc\vendor\myshop\core\Router.php | Строка: 40
==================
[2018-03-19 19:47:37] Текст ошибки: Страница не найдена | Файл D:\OSPanel\domains\fw.loc\vendor\myshop\core\Router.php | Строка: 40
==================
[2018-03-19 19:47:37] Текст ошибки: Страница не найдена | Файл D:\OSPanel\domains\fw.loc\vendor\myshop\core\Router.php | Строка: 40
==================
[2018-03-19 19:47:37] Текст ошибки: Страница не найдена | Файл D:\OSPanel\domains\fw.loc\vendor\myshop\core\Router.php | Строка: 40
==================
[2018-03-19 19:48:00] Текст ошибки: Страница не найдена | Файл D:\OSPanel\domains\fw.loc\vendor\myshop\core\Router.php | Строка: 40
==================
[2018-03-19 19:48:02] Текст ошибки: Страница не найдена | Файл D:\OSPanel\domains\fw.loc\vendor\myshop\core\Router.php | Строка: 40
==================
[2018-03-19 19:49:09] Текст ошибки: Страница не найдена | Файл D:\OSPanel\domains\fw.loc\vendor\myshop\core\Router.php | Строка: 40
==================
[2019-05-26 12:06:31] Текст ошибки: Страница не найдена | Файл D:\OSPanel\domains\fw.loc\vendor\myshop\core\Router.php | Строка: 40
==================
[2019-05-26 12:08:47] Текст ошибки: Страница не найдена | Файл D:\OSPanel\domains\fw.loc\vendor\myshop\core\Router.php | Строка: 40
==================
[2019-05-26 12:09:22] Текст ошибки: Страница не найдена | Файл D:\OSPanel\domains\fw.loc\vendor\myshop\core\Router.php | Строка: 40
==================
[2019-05-26 12:09:53] Текст ошибки: Страница не найдена | Файл D:\OSPanel\domains\fw.loc\vendor\myshop\core\Router.php | Строка: 40
==================
[2019-05-26 12:10:22] Текст ошибки: Страница не найдена | Файл D:\OSPanel\domains\fw.loc\vendor\myshop\core\Router.php | Строка: 40
==================
[2019-05-26 12:13:15] Текст ошибки: Страница не найдена | Файл D:\OSPanel\domains\fw.loc\vendor\myshop\core\Router.php | Строка: 44
==================
[2019-05-26 12:13:19] Текст ошибки: Страница не найдена | Файл D:\OSPanel\domains\fw.loc\vendor\myshop\core\Router.php | Строка: 44
==================
[2019-05-26 12:13:26] Текст ошибки: Страница не найдена | Файл D:\OSPanel\domains\fw.loc\vendor\myshop\core\Router.php | Строка: 44
==================
[2019-05-26 12:13:27] Текст ошибки: Страница не найдена | Файл D:\OSPanel\domains\fw.loc\vendor\myshop\core\Router.php | Строка: 44
==================
[2019-05-28 20:41:07] Текст ошибки: Страница не найдена | Файл D:\OSPanel\domains\fw.loc\vendor\myshop\core\Router.php | Строка: 44
==================
[2019-05-28 20:46:51] Текст ошибки: Страница не найдена | Файл D:\OSPanel\domains\fw.loc\vendor\myshop\core\Router.php | Строка: 44
==================
